E:\OPENGLES\CHAPTER04\X64\DEBUG\GUIBASECLASS.OBJ
E:\OPENGLES\CHAPTER04\X64\DEBUG\BMPREADER.OBJ
E:\OPENGLES\CHAPTER04\X64\DEBUG\DRAWABLE.OBJ
E:\OPENGLES\CHAPTER04\X64\DEBUG\GLSLPROGRAM.OBJ
E:\OPENGLES\CHAPTER04\X64\DEBUG\GLUTILS.OBJ
E:\OPENGLES\CHAPTER04\X64\DEBUG\GL_CORE_4_3.OBJ
E:\OPENGLES\CHAPTER04\X64\DEBUG\VBOCUBE.OBJ
E:\OPENGLES\CHAPTER04\X64\DEBUG\VBOMESH.OBJ
E:\OPENGLES\CHAPTER04\X64\DEBUG\VBOMESHADJ.OBJ
E:\OPENGLES\CHAPTER04\X64\DEBUG\VBOPLANE.OBJ
E:\OPENGLES\CHAPTER04\X64\DEBUG\VBOTEAPOT.OBJ
E:\OPENGLES\CHAPTER04\X64\DEBUG\VBOTEAPOTPATCH.OBJ
E:\OPENGLES\CHAPTER04\X64\DEBUG\VBOTORUS.OBJ
E:\OPENGLES\CHAPTER04\X64\DEBUG\KEYBOARD.OBJ
E:\OPENGLES\CHAPTER04\X64\DEBUG\MAIN.OBJ
E:\OPENGLES\CHAPTER04\X64\DEBUG\MOUSE.OBJ
E:\OPENGLES\CHAPTER04\X64\DEBUG\GUIMANAGER.OBJ
E:\OPENGLES\CHAPTER04\X64\DEBUG\MULTITEXSHADER.OBJ
E:\OPENGLES\CHAPTER04\X64\DEBUG\SHADER.OBJ
E:\OPENGLES\CHAPTER04\X64\DEBUG\SINGLETEXSHADER.OBJ
E:\OPENGLES\CHAPTER04\X64\DEBUG\BUTTON.OBJ
E:\OPENGLES\CHAPTER04\X64\DEBUG\DRAWER.OBJ
E:\OPENGLES\CHAPTER04\X64\DEBUG\GLOBALSETTING.OBJ
E:\OPENGLES\CHAPTER04\X64\DEBUG\VC110.PDB
E:\OPENGLES\CHAPTER04\X64\DEBUG\CHAPTER04.ILK
E:\OPENGLES\CHAPTER04\X64\DEBUG\CHAPTER04.EXE
E:\OPENGLES\CHAPTER04\X64\DEBUG\CHAPTER04.PDB
E:\OpenGLES\chapter04\x64\Debug\bmpreader.obj
E:\OpenGLES\chapter04\x64\Debug\button.obj
E:\OpenGLES\chapter04\x64\Debug\drawable.obj
E:\OpenGLES\chapter04\x64\Debug\drawer.obj
E:\OpenGLES\chapter04\x64\Debug\globalSetting.obj
E:\OpenGLES\chapter04\x64\Debug\glslprogram.obj
E:\OpenGLES\chapter04\x64\Debug\glutils.obj
E:\OpenGLES\chapter04\x64\Debug\gl_core_4_3.obj
E:\OpenGLES\chapter04\x64\Debug\guiBaseClass.obj
E:\OpenGLES\chapter04\x64\Debug\GUIManager.obj
E:\OpenGLES\chapter04\x64\Debug\keyboard.obj
E:\OpenGLES\chapter04\x64\Debug\main.obj
E:\OpenGLES\chapter04\x64\Debug\mouse.obj
E:\OpenGLES\chapter04\x64\Debug\multitexshader.obj
E:\OpenGLES\chapter04\x64\Debug\shader.obj
E:\OpenGLES\chapter04\x64\Debug\singletexshader.obj
E:\OpenGLES\chapter04\x64\Debug\vbocube.obj
E:\OpenGLES\chapter04\x64\Debug\vbomesh.obj
E:\OpenGLES\chapter04\x64\Debug\vbomeshadj.obj
E:\OpenGLES\chapter04\x64\Debug\vboplane.obj
E:\OpenGLES\chapter04\x64\Debug\vboteapot.obj
E:\OpenGLES\chapter04\x64\Debug\vboteapotpatch.obj
E:\OpenGLES\chapter04\x64\Debug\vbotorus.obj
E:\OpenGLES\chapter04\x64\Debug\chapter04.ilk
E:\OpenGLES\chapter04\x64\Debug\cl.command.1.tlog
E:\OpenGLES\chapter04\x64\Debug\CL.read.1.tlog
E:\OpenGLES\chapter04\x64\Debug\CL.write.1.tlog
E:\OpenGLES\chapter04\x64\Debug\link-cvtres.read.1.tlog
E:\OpenGLES\chapter04\x64\Debug\link-cvtres.write.1.tlog
E:\OpenGLES\chapter04\x64\Debug\link-rc.read.1.tlog
E:\OpenGLES\chapter04\x64\Debug\link-rc.write.1.tlog
E:\OpenGLES\chapter04\x64\Debug\link.command.1.tlog
E:\OpenGLES\chapter04\x64\Debug\link.read.1.tlog
E:\OpenGLES\chapter04\x64\Debug\link.write.1.tlog
E:\OpenGLES\chapter04\x64\Debug\vc110.idb
E:\OpenGLES\chapter04\x64\Debug\chapter04.pdb
E:\OpenGLES\chapter04\x64\Debug\vc110.pdb
E:\OpenGLES\chapter04\x64\Debug\chapter04.exe
