C:\USERS\ASUS-0\DOCUMENTS\GITHUB\GLSL-GUI\X64\DEBUG\BUTTON.OBJ
C:\USERS\ASUS-0\DOCUMENTS\GITHUB\GLSL-GUI\X64\DEBUG\MULTITEXSHAPEDRAWER.OBJ
C:\USERS\ASUS-0\DOCUMENTS\GITHUB\GLSL-GUI\X64\DEBUG\TEXTDRAWER.OBJ
C:\USERS\ASUS-0\DOCUMENTS\GITHUB\GLSL-GUI\X64\DEBUG\GLOBALSETTING.OBJ
C:\USERS\ASUS-0\DOCUMENTS\GITHUB\GLSL-GUI\X64\DEBUG\GUIBASECLASS.OBJ
C:\USERS\ASUS-0\DOCUMENTS\GITHUB\GLSL-GUI\X64\DEBUG\BMPREADER.OBJ
C:\USERS\ASUS-0\DOCUMENTS\GITHUB\GLSL-GUI\X64\DEBUG\DRAWABLE.OBJ
C:\USERS\ASUS-0\DOCUMENTS\GITHUB\GLSL-GUI\X64\DEBUG\GLSLPROGRAM.OBJ
C:\USERS\ASUS-0\DOCUMENTS\GITHUB\GLSL-GUI\X64\DEBUG\GLUTILS.OBJ
C:\USERS\ASUS-0\DOCUMENTS\GITHUB\GLSL-GUI\X64\DEBUG\GL_CORE_4_3.OBJ
C:\USERS\ASUS-0\DOCUMENTS\GITHUB\GLSL-GUI\X64\DEBUG\KEYBOARD.OBJ
C:\USERS\ASUS-0\DOCUMENTS\GITHUB\GLSL-GUI\X64\DEBUG\MAIN.OBJ
C:\USERS\ASUS-0\DOCUMENTS\GITHUB\GLSL-GUI\X64\DEBUG\MOUSE.OBJ
C:\USERS\ASUS-0\DOCUMENTS\GITHUB\GLSL-GUI\X64\DEBUG\GUIMANAGER.OBJ
C:\USERS\ASUS-0\DOCUMENTS\GITHUB\GLSL-GUI\X64\DEBUG\SHAPEDRAWER.OBJ
C:\USERS\ASUS-0\DOCUMENTS\GITHUB\GLSL-GUI\X64\DEBUG\SINGLETEXSHAPEDRAWER.OBJ
C:\USERS\ASUS-0\DOCUMENTS\GITHUB\GLSL-GUI\X64\DEBUG\VBOPLANE.OBJ
C:\USERS\ASUS-0\DOCUMENTS\GITHUB\GLSL-GUI\X64\DEBUG\DYNVERTEXTEXSHAPEDRAWER.OBJ
C:\USERS\ASUS-0\DOCUMENTS\GITHUB\GLSL-GUI\X64\DEBUG\VC110.PDB
C:\USERS\ASUS-0\DOCUMENTS\GITHUB\GLSL-GUI\X64\DEBUG\GLSLGUIGLSLGUIX64DEBUG.ILK
C:\USERS\ASUS-0\DOCUMENTS\GITHUB\GLSL-GUI\X64\DEBUG\GLSLGUIGLSLGUIX64DEBUG
C:\USERS\ASUS-0\DOCUMENTS\GITHUB\GLSL-GUI\X64\DEBUG\GLSLGUI.PDB
C:\USERS\ASUS-0\DOCUMENTS\GITHUB\GLSL-GUI\X64\DEBUG\GLSLGUIX64DEBUG.ILK
C:\USERS\ASUS-0\DOCUMENTS\GITHUB\GLSL-GUI\X64\DEBUG\GLSLGUIX64DEBUG.EXE
C:\USERS\ASUS-0\DOCUMENTS\GITHUB\GLSL-GUI\X64\DEBUG\GLSLGUIX64DEBUG.PDB
C:\Users\asus-0\Documents\GitHub\GLSL-GUI\x64\Debug\bmpreader.obj
C:\Users\asus-0\Documents\GitHub\GLSL-GUI\x64\Debug\button.obj
C:\Users\asus-0\Documents\GitHub\GLSL-GUI\x64\Debug\drawable.obj
C:\Users\asus-0\Documents\GitHub\GLSL-GUI\x64\Debug\dynVertexTexShapeDrawer.obj
C:\Users\asus-0\Documents\GitHub\GLSL-GUI\x64\Debug\globalSetting.obj
C:\Users\asus-0\Documents\GitHub\GLSL-GUI\x64\Debug\glslprogram.obj
C:\Users\asus-0\Documents\GitHub\GLSL-GUI\x64\Debug\glutils.obj
C:\Users\asus-0\Documents\GitHub\GLSL-GUI\x64\Debug\gl_core_4_3.obj
C:\Users\asus-0\Documents\GitHub\GLSL-GUI\x64\Debug\guiBaseClass.obj
C:\Users\asus-0\Documents\GitHub\GLSL-GUI\x64\Debug\GUIManager.obj
C:\Users\asus-0\Documents\GitHub\GLSL-GUI\x64\Debug\keyboard.obj
C:\Users\asus-0\Documents\GitHub\GLSL-GUI\x64\Debug\main.obj
C:\Users\asus-0\Documents\GitHub\GLSL-GUI\x64\Debug\mouse.obj
C:\Users\asus-0\Documents\GitHub\GLSL-GUI\x64\Debug\multiTexShapeDrawer.obj
C:\Users\asus-0\Documents\GitHub\GLSL-GUI\x64\Debug\shapeDrawer.obj
C:\Users\asus-0\Documents\GitHub\GLSL-GUI\x64\Debug\singleTexShapeDrawer.obj
C:\Users\asus-0\Documents\GitHub\GLSL-GUI\x64\Debug\textdrawer.obj
C:\Users\asus-0\Documents\GitHub\GLSL-GUI\x64\Debug\vboplane.obj
C:\Users\asus-0\Documents\GitHub\GLSL-GUI\x64\Debug\glslGUIglslGUIx64Debug.ilk
C:\Users\asus-0\Documents\GitHub\GLSL-GUI\x64\Debug\glslGUIx64Debug.ilk
C:\Users\asus-0\Documents\GitHub\GLSL-GUI\x64\Debug\cl.command.1.tlog
C:\Users\asus-0\Documents\GitHub\GLSL-GUI\x64\Debug\CL.read.1.tlog
C:\Users\asus-0\Documents\GitHub\GLSL-GUI\x64\Debug\CL.write.1.tlog
C:\Users\asus-0\Documents\GitHub\GLSL-GUI\x64\Debug\link-cvtres.read.1.tlog
C:\Users\asus-0\Documents\GitHub\GLSL-GUI\x64\Debug\link-cvtres.write.1.tlog
C:\Users\asus-0\Documents\GitHub\GLSL-GUI\x64\Debug\link-rc.read.1.tlog
C:\Users\asus-0\Documents\GitHub\GLSL-GUI\x64\Debug\link-rc.write.1.tlog
C:\Users\asus-0\Documents\GitHub\GLSL-GUI\x64\Debug\link.command.1.tlog
C:\Users\asus-0\Documents\GitHub\GLSL-GUI\x64\Debug\link.read.1.tlog
C:\Users\asus-0\Documents\GitHub\GLSL-GUI\x64\Debug\link.write.1.tlog
C:\Users\asus-0\Documents\GitHub\GLSL-GUI\x64\Debug\vc110.idb
C:\Users\asus-0\Documents\GitHub\GLSL-GUI\x64\Debug\glslGUI.pdb
C:\Users\asus-0\Documents\GitHub\GLSL-GUI\x64\Debug\glslGUIx64Debug.pdb
C:\Users\asus-0\Documents\GitHub\GLSL-GUI\x64\Debug\vc110.pdb
C:\Users\asus-0\Documents\GitHub\GLSL-GUI\x64\Debug\glslGUIx64Debug.exe
