C:\USERS\ASUS-0\DOCUMENTS\GITHUB\GLSL-GUI\WIN32\DEBUG\BUTTON.OBJ
C:\USERS\ASUS-0\DOCUMENTS\GITHUB\GLSL-GUI\WIN32\DEBUG\MULTITEXSHAPEDRAWER.OBJ
C:\USERS\ASUS-0\DOCUMENTS\GITHUB\GLSL-GUI\WIN32\DEBUG\TEXTDRAWER.OBJ
C:\USERS\ASUS-0\DOCUMENTS\GITHUB\GLSL-GUI\WIN32\DEBUG\GLOBALSETTING.OBJ
C:\USERS\ASUS-0\DOCUMENTS\GITHUB\GLSL-GUI\WIN32\DEBUG\GUIBASECLASS.OBJ
C:\USERS\ASUS-0\DOCUMENTS\GITHUB\GLSL-GUI\WIN32\DEBUG\BMPREADER.OBJ
C:\USERS\ASUS-0\DOCUMENTS\GITHUB\GLSL-GUI\WIN32\DEBUG\DRAWABLE.OBJ
C:\USERS\ASUS-0\DOCUMENTS\GITHUB\GLSL-GUI\WIN32\DEBUG\GLSLPROGRAM.OBJ
C:\USERS\ASUS-0\DOCUMENTS\GITHUB\GLSL-GUI\WIN32\DEBUG\GLUTILS.OBJ
C:\USERS\ASUS-0\DOCUMENTS\GITHUB\GLSL-GUI\WIN32\DEBUG\GL_CORE_4_3.OBJ
C:\USERS\ASUS-0\DOCUMENTS\GITHUB\GLSL-GUI\WIN32\DEBUG\KEYBOARD.OBJ
C:\USERS\ASUS-0\DOCUMENTS\GITHUB\GLSL-GUI\WIN32\DEBUG\MAIN.OBJ
C:\USERS\ASUS-0\DOCUMENTS\GITHUB\GLSL-GUI\WIN32\DEBUG\MOUSE.OBJ
C:\USERS\ASUS-0\DOCUMENTS\GITHUB\GLSL-GUI\WIN32\DEBUG\GUIMANAGER.OBJ
C:\USERS\ASUS-0\DOCUMENTS\GITHUB\GLSL-GUI\WIN32\DEBUG\SHAPEDRAWER.OBJ
C:\USERS\ASUS-0\DOCUMENTS\GITHUB\GLSL-GUI\WIN32\DEBUG\SINGLETEXSHAPEDRAWER.OBJ
C:\USERS\ASUS-0\DOCUMENTS\GITHUB\GLSL-GUI\WIN32\DEBUG\VBOPLANE.OBJ
C:\USERS\ASUS-0\DOCUMENTS\GITHUB\GLSL-GUI\WIN32\DEBUG\DYNVERTEXTEXSHAPEDRAWER.OBJ
C:\USERS\ASUS-0\DOCUMENTS\GITHUB\GLSL-GUI\WIN32\DEBUG\VC110.PDB
C:\USERS\ASUS-0\DOCUMENTS\GITHUB\GLSL-GUI\WIN32\DEBUG\GLSLGUIWIN32DEBUG.ILK
C:\USERS\ASUS-0\DOCUMENTS\GITHUB\GLSL-GUI\WIN32\DEBUG\GLSLGUIWIN32DEBUG.EXE
C:\USERS\ASUS-0\DOCUMENTS\GITHUB\GLSL-GUI\WIN32\DEBUG\GLSLGUIWIN32DEBUG.PDB
C:\Users\asus-0\Documents\GitHub\GLSL-GUI\Win32\Debug\bmpreader.obj
C:\Users\asus-0\Documents\GitHub\GLSL-GUI\Win32\Debug\button.obj
C:\Users\asus-0\Documents\GitHub\GLSL-GUI\Win32\Debug\drawable.obj
C:\Users\asus-0\Documents\GitHub\GLSL-GUI\Win32\Debug\dynVertexTexShapeDrawer.obj
C:\Users\asus-0\Documents\GitHub\GLSL-GUI\Win32\Debug\globalSetting.obj
C:\Users\asus-0\Documents\GitHub\GLSL-GUI\Win32\Debug\glslprogram.obj
C:\Users\asus-0\Documents\GitHub\GLSL-GUI\Win32\Debug\glutils.obj
C:\Users\asus-0\Documents\GitHub\GLSL-GUI\Win32\Debug\gl_core_4_3.obj
C:\Users\asus-0\Documents\GitHub\GLSL-GUI\Win32\Debug\guiBaseClass.obj
C:\Users\asus-0\Documents\GitHub\GLSL-GUI\Win32\Debug\GUIManager.obj
C:\Users\asus-0\Documents\GitHub\GLSL-GUI\Win32\Debug\keyboard.obj
C:\Users\asus-0\Documents\GitHub\GLSL-GUI\Win32\Debug\main.obj
C:\Users\asus-0\Documents\GitHub\GLSL-GUI\Win32\Debug\mouse.obj
C:\Users\asus-0\Documents\GitHub\GLSL-GUI\Win32\Debug\multiTexShapeDrawer.obj
C:\Users\asus-0\Documents\GitHub\GLSL-GUI\Win32\Debug\shapeDrawer.obj
C:\Users\asus-0\Documents\GitHub\GLSL-GUI\Win32\Debug\singleTexShapeDrawer.obj
C:\Users\asus-0\Documents\GitHub\GLSL-GUI\Win32\Debug\textdrawer.obj
C:\Users\asus-0\Documents\GitHub\GLSL-GUI\Win32\Debug\vboplane.obj
C:\Users\asus-0\Documents\GitHub\GLSL-GUI\Win32\Debug\glslGUIWin32Debug.ilk
C:\Users\asus-0\Documents\GitHub\GLSL-GUI\Win32\Debug\cl.command.1.tlog
C:\Users\asus-0\Documents\GitHub\GLSL-GUI\Win32\Debug\CL.read.1.tlog
C:\Users\asus-0\Documents\GitHub\GLSL-GUI\Win32\Debug\CL.write.1.tlog
C:\Users\asus-0\Documents\GitHub\GLSL-GUI\Win32\Debug\link-cvtres.read.1.tlog
C:\Users\asus-0\Documents\GitHub\GLSL-GUI\Win32\Debug\link-cvtres.write.1.tlog
C:\Users\asus-0\Documents\GitHub\GLSL-GUI\Win32\Debug\link-rc.read.1.tlog
C:\Users\asus-0\Documents\GitHub\GLSL-GUI\Win32\Debug\link-rc.write.1.tlog
C:\Users\asus-0\Documents\GitHub\GLSL-GUI\Win32\Debug\link.command.1.tlog
C:\Users\asus-0\Documents\GitHub\GLSL-GUI\Win32\Debug\link.read.1.tlog
C:\Users\asus-0\Documents\GitHub\GLSL-GUI\Win32\Debug\link.write.1.tlog
C:\Users\asus-0\Documents\GitHub\GLSL-GUI\Win32\Debug\vc110.idb
C:\Users\asus-0\Documents\GitHub\GLSL-GUI\Win32\Debug\glslGUIWin32Debug.pdb
C:\Users\asus-0\Documents\GitHub\GLSL-GUI\Win32\Debug\vc110.pdb
C:\Users\asus-0\Documents\GitHub\GLSL-GUI\Win32\Debug\glslGUIWin32Debug.exe
